<?xml version="1.0" encoding="UTF-8"?>
<testng-results skipped="2" failed="1" ignored="2" total="11" passed="6">
  <reporter-output>
    <line>
      <![CDATA[Agra :- @BeforeSuite]]>
    </line>
    <line>
      <![CDATA[Alipur :- @BeforeTest]]>
    </line>
    <line>
      <![CDATA[Faridabad :- @BeforeClass]]>
    </line>
    <line>
      <![CDATA[Gaziabad:-@BeforeMethod]]>
    </line>
    <line>
      <![CDATA[noida:-@BeforeMethod]]>
    </line>
    <line>
      <![CDATA[Purva]]>
    </line>
    <line>
      <![CDATA[sandiego :- @AfterMethod]]>
    </line>
    <line>
      <![CDATA[Gaziabad:-@BeforeMethod]]>
    </line>
    <line>
      <![CDATA[noida:-@BeforeMethod]]>
    </line>
    <line>
      <![CDATA[Reena]]>
    </line>
    <line>
      <![CDATA[sandiego :- @AfterMethod]]>
    </line>
    <line>
      <![CDATA[Gaziabad:-@BeforeMethod]]>
    </line>
    <line>
      <![CDATA[noida:-@BeforeMethod]]>
    </line>
    <line>
      <![CDATA[Richa]]>
    </line>
    <line>
      <![CDATA[sandiego :- @AfterMethod]]>
    </line>
    <line>
      <![CDATA[sanfransisco :- @AfterClass]]>
    </line>
    <line>
      <![CDATA[losangles :- @AfterTest]]>
    </line>
    <line>
      <![CDATA[boston :- @AfterSuite]]>
    </line>
  </reporter-output>
  <suite name="Suite" duration-ms="122857" started-at="2020-09-08T22:06:09Z" finished-at="2020-09-08T22:08:12Z">
    <groups>
      <group name="DependMethod">
        <method signature="ACTITIME1.login()[pri:1, instance:test_Assign.ACTITIME1@704a52ec]" name="login" class="test_Assign.ACTITIME1"/>
        <method signature="ACTITIME1.createWork()[pri:2, instance:test_Assign.ACTITIME1@704a52ec]" name="createWork" class="test_Assign.ACTITIME1"/>
        <method signature="ACTITIME1.deleteWork()[pri:3, instance:test_Assign.ACTITIME1@704a52ec]" name="deleteWork" class="test_Assign.ACTITIME1"/>
      </group> <!-- DependMethod -->
    </groups>
    <test name="Test" duration-ms="122857" started-at="2020-09-08T22:06:09Z" finished-at="2020-09-08T22:08:12Z">
      <class name="test_Assign.ACTITIME1">
        <test-method status="FAIL" signature="login()[pri:1, instance:test_Assign.ACTITIME1@704a52ec]" name="login" duration-ms="44034" started-at="2020-09-08T22:07:28Z" finished-at="2020-09-08T22:08:12Z">
          <exception class="org.openqa.selenium.WebDriverException">
            <message>
              <![CDATA[chrome not reachable
  (Session info: chrome=85.0.4183.83)
Build info: version: '3.11.0', revision: 'e59cfb3', time: '2018-03-11T20:33:15.31Z'
System info: host: 'DESKTOP-9P1MDVM', ip: '192.168.43.74', os.name: 'Windows 10', os.arch: 'amd64', os.version: '10.0', java.version: '1.8.0_231'
Driver info: org.openqa.selenium.chrome.ChromeDriver
Capabilities {acceptInsecureCerts: false, browserName: chrome, browserVersion: 85.0.4183.83, chrome: {chromedriverVersion: 85.0.4183.87 (cd6713ebf92fa..., userDataDir: C:\Users\Ravi\AppData\Local...}, goog:chromeOptions: {debuggerAddress: localhost:52205}, javascriptEnabled: true, networkConnectionEnabled: false, pageLoadStrategy: normal, platform: WINDOWS, platformName: WINDOWS, proxy: Proxy(), setWindowRect: true, strictFileInteractability: false, timeouts: {implicit: 0, pageLoad: 300000, script: 30000}, unhandledPromptBehavior: dismiss and notify, webauthn:virtualAuthenticators: true}
Session ID: 9235c9fe602b84bf846b8f1af4bcccbe
*** Element info: {Using=id, value=username}]]>
            </message>
            <full-stacktrace>
              <![CDATA[org.openqa.selenium.WebDriverException: chrome not reachable
  (Session info: chrome=85.0.4183.83)
Build info: version: '3.11.0', revision: 'e59cfb3', time: '2018-03-11T20:33:15.31Z'
System info: host: 'DESKTOP-9P1MDVM', ip: '192.168.43.74', os.name: 'Windows 10', os.arch: 'amd64', os.version: '10.0', java.version: '1.8.0_231'
Driver info: org.openqa.selenium.chrome.ChromeDriver
Capabilities {acceptInsecureCerts: false, browserName: chrome, browserVersion: 85.0.4183.83, chrome: {chromedriverVersion: 85.0.4183.87 (cd6713ebf92fa..., userDataDir: C:\Users\Ravi\AppData\Local...}, goog:chromeOptions: {debuggerAddress: localhost:52205}, javascriptEnabled: true, networkConnectionEnabled: false, pageLoadStrategy: normal, platform: WINDOWS, platformName: WINDOWS, proxy: Proxy(), setWindowRect: true, strictFileInteractability: false, timeouts: {implicit: 0, pageLoad: 300000, script: 30000}, unhandledPromptBehavior: dismiss and notify, webauthn:virtualAuthenticators: true}
Session ID: 9235c9fe602b84bf846b8f1af4bcccbe
*** Element info: {Using=id, value=username}
at sun.reflect.NativeConstructorAccessorImpl.newInstance0(Native Method)
at sun.reflect.NativeConstructorAccessorImpl.newInstance(Unknown Source)
at sun.reflect.DelegatingConstructorAccessorImpl.newInstance(Unknown Source)
at java.lang.reflect.Constructor.newInstance(Unknown Source)
at org.openqa.selenium.remote.http.W3CHttpResponseCodec.createException(W3CHttpResponseCodec.java:187)
at org.openqa.selenium.remote.http.W3CHttpResponseCodec.decode(W3CHttpResponseCodec.java:122)
at org.openqa.selenium.remote.http.W3CHttpResponseCodec.decode(W3CHttpResponseCodec.java:49)
at org.openqa.selenium.remote.HttpCommandExecutor.execute(HttpCommandExecutor.java:158)
at org.openqa.selenium.remote.service.DriverCommandExecutor.execute(DriverCommandExecutor.java:83)
at org.openqa.selenium.remote.RemoteWebDriver.execute(RemoteWebDriver.java:545)
at org.openqa.selenium.remote.RemoteWebDriver.findElement(RemoteWebDriver.java:319)
at org.openqa.selenium.remote.RemoteWebDriver.findElementById(RemoteWebDriver.java:365)
at org.openqa.selenium.By$ById.findElement(By.java:218)
at org.openqa.selenium.remote.RemoteWebDriver.findElement(RemoteWebDriver.java:311)
at org.openqa.selenium.support.pagefactory.DefaultElementLocator.findElement(DefaultElementLocator.java:69)
at org.openqa.selenium.support.pagefactory.internal.LocatingElementHandler.invoke(LocatingElementHandler.java:38)
at com.sun.proxy.$Proxy15.sendKeys(Unknown Source)
at assignment.ActitimeLoginPage.loginMethod(ActitimeLoginPage.java:44)
at test_Assign.ACTITIME1.login(ACTITIME1.java:32)
at sun.reflect.NativeMethodAccessorImpl.invoke0(Native Method)
at sun.reflect.NativeMethodAccessorImpl.invoke(Unknown Source)
at sun.reflect.DelegatingMethodAccessorImpl.invoke(Unknown Source)
at java.lang.reflect.Method.invoke(Unknown Source)
at org.testng.internal.MethodInvocationHelper.invokeMethod(MethodInvocationHelper.java:124)
at org.testng.internal.Invoker.invokeMethod(Invoker.java:583)
at org.testng.internal.Invoker.invokeTestMethod(Invoker.java:719)
at org.testng.internal.Invoker.invokeTestMethods(Invoker.java:989)
at org.testng.internal.TestMethodWorker.invokeTestMethods(TestMethodWorker.java:125)
at org.testng.internal.TestMethodWorker.run(TestMethodWorker.java:109)
at org.testng.TestRunner.privateRun(TestRunner.java:648)
at org.testng.TestRunner.run(TestRunner.java:505)
at org.testng.SuiteRunner.runTest(SuiteRunner.java:455)
at org.testng.SuiteRunner.runSequentially(SuiteRunner.java:450)
at org.testng.SuiteRunner.privateRun(SuiteRunner.java:415)
at org.testng.SuiteRunner.run(SuiteRunner.java:364)
at org.testng.SuiteRunnerWorker.runSuite(SuiteRunnerWorker.java:52)
at org.testng.SuiteRunnerWorker.run(SuiteRunnerWorker.java:84)
at org.testng.TestNG.runSuitesSequentially(TestNG.java:1208)
at org.testng.TestNG.runSuitesLocally(TestNG.java:1137)
at org.testng.TestNG.runSuites(TestNG.java:1049)
at org.testng.TestNG.run(TestNG.java:1017)
at org.testng.remote.AbstractRemoteTestNG.run(AbstractRemoteTestNG.java:114)
at org.testng.remote.RemoteTestNG.initAndRun(RemoteTestNG.java:251)
at org.testng.remote.RemoteTestNG.main(RemoteTestNG.java:77)
]]>
            </full-stacktrace>
          </exception> <!-- org.openqa.selenium.WebDriverException -->
          <reporter-output>
          </reporter-output>
        </test-method> <!-- login -->
        <test-method status="SKIP" signature="createWork()[pri:2, instance:test_Assign.ACTITIME1@704a52ec]" name="createWork" duration-ms="0" started-at="2020-09-08T22:08:12Z" depends-on-methods="test_Assign.ACTITIME1.login" finished-at="2020-09-08T22:08:12Z">
          <exception class="java.lang.Throwable">
            <message>
              <![CDATA[Method ACTITIME1.createWork()[pri:2, instance:test_Assign.ACTITIME1@704a52ec] depends on not successfully finished methods]]>
            </message>
            <full-stacktrace>
              <![CDATA[java.lang.Throwable: Method ACTITIME1.createWork()[pri:2, instance:test_Assign.ACTITIME1@704a52ec] depends on not successfully finished methods
at org.testng.internal.Invoker.invokeTestMethods(Invoker.java:888)
at org.testng.internal.TestMethodWorker.invokeTestMethods(TestMethodWorker.java:125)
at org.testng.internal.TestMethodWorker.run(TestMethodWorker.java:109)
at org.testng.TestRunner.privateRun(TestRunner.java:648)
at org.testng.TestRunner.run(TestRunner.java:505)
at org.testng.SuiteRunner.runTest(SuiteRunner.java:455)
at org.testng.SuiteRunner.runSequentially(SuiteRunner.java:450)
at org.testng.SuiteRunner.privateRun(SuiteRunner.java:415)
at org.testng.SuiteRunner.run(SuiteRunner.java:364)
at org.testng.SuiteRunnerWorker.runSuite(SuiteRunnerWorker.java:52)
at org.testng.SuiteRunnerWorker.run(SuiteRunnerWorker.java:84)
at org.testng.TestNG.runSuitesSequentially(TestNG.java:1208)
at org.testng.TestNG.runSuitesLocally(TestNG.java:1137)
at org.testng.TestNG.runSuites(TestNG.java:1049)
at org.testng.TestNG.run(TestNG.java:1017)
at org.testng.remote.AbstractRemoteTestNG.run(AbstractRemoteTestNG.java:114)
at org.testng.remote.RemoteTestNG.initAndRun(RemoteTestNG.java:251)
at org.testng.remote.RemoteTestNG.main(RemoteTestNG.java:77)
]]>
            </full-stacktrace>
          </exception> <!-- java.lang.Throwable -->
          <reporter-output>
          </reporter-output>
        </test-method> <!-- createWork -->
        <test-method status="SKIP" signature="deleteWork()[pri:3, instance:test_Assign.ACTITIME1@704a52ec]" name="deleteWork" duration-ms="0" started-at="2020-09-08T22:08:12Z" depends-on-methods="test_Assign.ACTITIME1.createWork" finished-at="2020-09-08T22:08:12Z">
          <exception class="java.lang.Throwable">
            <message>
              <![CDATA[Method ACTITIME1.deleteWork()[pri:3, instance:test_Assign.ACTITIME1@704a52ec] depends on not successfully finished methods]]>
            </message>
            <full-stacktrace>
              <![CDATA[java.lang.Throwable: Method ACTITIME1.deleteWork()[pri:3, instance:test_Assign.ACTITIME1@704a52ec] depends on not successfully finished methods
at org.testng.internal.Invoker.invokeTestMethods(Invoker.java:888)
at org.testng.internal.TestMethodWorker.invokeTestMethods(TestMethodWorker.java:125)
at org.testng.internal.TestMethodWorker.run(TestMethodWorker.java:109)
at org.testng.TestRunner.privateRun(TestRunner.java:648)
at org.testng.TestRunner.run(TestRunner.java:505)
at org.testng.SuiteRunner.runTest(SuiteRunner.java:455)
at org.testng.SuiteRunner.runSequentially(SuiteRunner.java:450)
at org.testng.SuiteRunner.privateRun(SuiteRunner.java:415)
at org.testng.SuiteRunner.run(SuiteRunner.java:364)
at org.testng.SuiteRunnerWorker.runSuite(SuiteRunnerWorker.java:52)
at org.testng.SuiteRunnerWorker.run(SuiteRunnerWorker.java:84)
at org.testng.TestNG.runSuitesSequentially(TestNG.java:1208)
at org.testng.TestNG.runSuitesLocally(TestNG.java:1137)
at org.testng.TestNG.runSuites(TestNG.java:1049)
at org.testng.TestNG.run(TestNG.java:1017)
at org.testng.remote.AbstractRemoteTestNG.run(AbstractRemoteTestNG.java:114)
at org.testng.remote.RemoteTestNG.initAndRun(RemoteTestNG.java:251)
at org.testng.remote.RemoteTestNG.main(RemoteTestNG.java:77)
]]>
            </full-stacktrace>
          </exception> <!-- java.lang.Throwable -->
          <reporter-output>
          </reporter-output>
        </test-method> <!-- deleteWork -->
      </class> <!-- test_Assign.ACTITIME1 -->
      <class name="testNG_Demo.TestNG_Annotations">
        <test-method status="PASS" signature="agra()[pri:0, instance:testNG_Demo.TestNG_Annotations@1f57539]" name="agra" is-config="true" duration-ms="65" started-at="2020-09-08T22:06:09Z" finished-at="2020-09-08T22:06:09Z">
          <reporter-output>
            <line>
              <![CDATA[Agra :- @BeforeSuite]]>
            </line>
          </reporter-output>
        </test-method> <!-- agra -->
        <test-method status="PASS" signature="alipur()[pri:0, instance:testNG_Demo.TestNG_Annotations@1f57539]" name="alipur" is-config="true" duration-ms="1" started-at="2020-09-08T22:06:09Z" finished-at="2020-09-08T22:06:09Z">
          <reporter-output>
            <line>
              <![CDATA[Alipur :- @BeforeTest]]>
            </line>
          </reporter-output>
        </test-method> <!-- alipur -->
        <test-method status="PASS" signature="faridabad()[pri:0, instance:testNG_Demo.TestNG_Annotations@1f57539]" name="faridabad" is-config="true" duration-ms="2" started-at="2020-09-08T22:07:27Z" finished-at="2020-09-08T22:07:27Z">
          <reporter-output>
            <line>
              <![CDATA[Faridabad :- @BeforeClass]]>
            </line>
          </reporter-output>
        </test-method> <!-- faridabad -->
        <test-method status="PASS" signature="gaziabad()[pri:0, instance:testNG_Demo.TestNG_Annotations@1f57539]" name="gaziabad" is-config="true" duration-ms="3" started-at="2020-09-08T22:07:27Z" finished-at="2020-09-08T22:07:27Z">
          <reporter-output>
            <line>
              <![CDATA[Gaziabad:-@BeforeMethod]]>
            </line>
          </reporter-output>
        </test-method> <!-- gaziabad -->
        <test-method status="PASS" signature="noida()[pri:0, instance:testNG_Demo.TestNG_Annotations@1f57539]" name="noida" is-config="true" duration-ms="2" started-at="2020-09-08T22:07:27Z" finished-at="2020-09-08T22:07:27Z">
          <reporter-output>
            <line>
              <![CDATA[noida:-@BeforeMethod]]>
            </line>
          </reporter-output>
        </test-method> <!-- noida -->
        <test-method status="PASS" signature="purva()[pri:0, instance:testNG_Demo.TestNG_Annotations@1f57539]" name="purva" duration-ms="90" started-at="2020-09-08T22:07:27Z" finished-at="2020-09-08T22:07:27Z">
          <reporter-output>
            <line>
              <![CDATA[Purva]]>
            </line>
          </reporter-output>
        </test-method> <!-- purva -->
        <test-method status="PASS" signature="sandiego()[pri:0, instance:testNG_Demo.TestNG_Annotations@1f57539]" name="sandiego" is-config="true" duration-ms="413" started-at="2020-09-08T22:07:27Z" finished-at="2020-09-08T22:07:28Z">
          <reporter-output>
            <line>
              <![CDATA[sandiego :- @AfterMethod]]>
            </line>
          </reporter-output>
        </test-method> <!-- sandiego -->
        <test-method status="PASS" signature="gaziabad()[pri:0, instance:testNG_Demo.TestNG_Annotations@1f57539]" name="gaziabad" is-config="true" duration-ms="3" started-at="2020-09-08T22:07:28Z" finished-at="2020-09-08T22:07:28Z">
          <reporter-output>
            <line>
              <![CDATA[Gaziabad:-@BeforeMethod]]>
            </line>
          </reporter-output>
        </test-method> <!-- gaziabad -->
        <test-method status="PASS" signature="noida()[pri:0, instance:testNG_Demo.TestNG_Annotations@1f57539]" name="noida" is-config="true" duration-ms="3" started-at="2020-09-08T22:07:28Z" finished-at="2020-09-08T22:07:28Z">
          <reporter-output>
            <line>
              <![CDATA[noida:-@BeforeMethod]]>
            </line>
          </reporter-output>
        </test-method> <!-- noida -->
        <test-method status="PASS" signature="reena()[pri:0, instance:testNG_Demo.TestNG_Annotations@1f57539]" name="reena" duration-ms="20" started-at="2020-09-08T22:07:28Z" finished-at="2020-09-08T22:07:28Z">
          <reporter-output>
            <line>
              <![CDATA[Reena]]>
            </line>
          </reporter-output>
        </test-method> <!-- reena -->
        <test-method status="PASS" signature="sandiego()[pri:0, instance:testNG_Demo.TestNG_Annotations@1f57539]" name="sandiego" is-config="true" duration-ms="12" started-at="2020-09-08T22:07:28Z" finished-at="2020-09-08T22:07:28Z">
          <reporter-output>
            <line>
              <![CDATA[sandiego :- @AfterMethod]]>
            </line>
          </reporter-output>
        </test-method> <!-- sandiego -->
        <test-method status="PASS" signature="gaziabad()[pri:0, instance:testNG_Demo.TestNG_Annotations@1f57539]" name="gaziabad" is-config="true" duration-ms="1" started-at="2020-09-08T22:07:28Z" finished-at="2020-09-08T22:07:28Z">
          <reporter-output>
            <line>
              <![CDATA[Gaziabad:-@BeforeMethod]]>
            </line>
          </reporter-output>
        </test-method> <!-- gaziabad -->
        <test-method status="PASS" signature="noida()[pri:0, instance:testNG_Demo.TestNG_Annotations@1f57539]" name="noida" is-config="true" duration-ms="1" started-at="2020-09-08T22:07:28Z" finished-at="2020-09-08T22:07:28Z">
          <reporter-output>
            <line>
              <![CDATA[noida:-@BeforeMethod]]>
            </line>
          </reporter-output>
        </test-method> <!-- noida -->
        <test-method status="PASS" signature="richa()[pri:0, instance:testNG_Demo.TestNG_Annotations@1f57539]" name="richa" duration-ms="20" started-at="2020-09-08T22:07:28Z" finished-at="2020-09-08T22:07:28Z">
          <reporter-output>
            <line>
              <![CDATA[Richa]]>
            </line>
          </reporter-output>
        </test-method> <!-- richa -->
        <test-method status="PASS" signature="sandiego()[pri:0, instance:testNG_Demo.TestNG_Annotations@1f57539]" name="sandiego" is-config="true" duration-ms="15" started-at="2020-09-08T22:07:28Z" finished-at="2020-09-08T22:07:28Z">
          <reporter-output>
            <line>
              <![CDATA[sandiego :- @AfterMethod]]>
            </line>
          </reporter-output>
        </test-method> <!-- sandiego -->
        <test-method status="PASS" signature="sanfransisco()[pri:0, instance:testNG_Demo.TestNG_Annotations@1f57539]" name="sanfransisco" is-config="true" duration-ms="4" started-at="2020-09-08T22:07:28Z" finished-at="2020-09-08T22:07:28Z">
          <reporter-output>
            <line>
              <![CDATA[sanfransisco :- @AfterClass]]>
            </line>
          </reporter-output>
        </test-method> <!-- sanfransisco -->
        <test-method status="PASS" signature="losangles()[pri:0, instance:testNG_Demo.TestNG_Annotations@1f57539]" name="losangles" is-config="true" duration-ms="2" started-at="2020-09-08T22:08:12Z" finished-at="2020-09-08T22:08:12Z">
          <reporter-output>
            <line>
              <![CDATA[losangles :- @AfterTest]]>
            </line>
          </reporter-output>
        </test-method> <!-- losangles -->
        <test-method status="PASS" signature="boston()[pri:0, instance:testNG_Demo.TestNG_Annotations@1f57539]" name="boston" is-config="true" duration-ms="2" started-at="2020-09-08T22:08:13Z" finished-at="2020-09-08T22:08:13Z">
          <reporter-output>
            <line>
              <![CDATA[boston :- @AfterSuite]]>
            </line>
          </reporter-output>
        </test-method> <!-- boston -->
      </class> <!-- testNG_Demo.TestNG_Annotations -->
      <class name="testNG_Demo.TestNG_Verifications">
        <test-method status="PASS" signature="aman()[pri:0, instance:testNG_Demo.TestNG_Verifications@76f2b07d]" name="aman" duration-ms="36" started-at="2020-09-08T22:06:09Z" finished-at="2020-09-08T22:06:09Z">
          <reporter-output>
          </reporter-output>
        </test-method> <!-- aman -->
        <test-method status="PASS" signature="verifyloginpage()[pri:0, instance:testNG_Demo.TestNG_Verifications@76f2b07d]" name="verifyloginpage" duration-ms="77644" started-at="2020-09-08T22:06:10Z" finished-at="2020-09-08T22:07:27Z">
          <reporter-output>
          </reporter-output>
        </test-method> <!-- verifyloginpage -->
        <test-method status="PASS" signature="zakirkhan()[pri:0, instance:testNG_Demo.TestNG_Verifications@76f2b07d]" name="zakirkhan" duration-ms="23" started-at="2020-09-08T22:07:27Z" finished-at="2020-09-08T22:07:27Z">
          <reporter-output>
          </reporter-output>
        </test-method> <!-- zakirkhan -->
      </class> <!-- testNG_Demo.TestNG_Verifications -->
    </test> <!-- Test -->
  </suite> <!-- Suite -->
</testng-results>
